
> @buzzer-network/frontend@0.1.0 build
> next build

  ▲ Next.js 14.2.33
  - Environments: .env.local

   Creating an optimized production build ...
 ✓ Compiled successfully
   Linting and checking validity of types ...
   Collecting page data ...
   Generating static pages (0/15) ...
   Generating static pages (3/15) 
   Generating static pages (7/15) 
   Generating static pages (11/15) 
 ✓ Generating static pages (15/15)
   Finalizing page optimization ...
   Collecting build traces ...

Route (app)                              Size     First Load JS
┌ ○ /                                    216 kB          323 kB
├ ○ /_not-found                          880 B          89.8 kB
├ ○ /advertisers                         2.62 kB         168 kB
├ ○ /advertisers/campaigns               3.56 kB         114 kB
├ ƒ /advertisers/campaigns/[id]          41.9 kB         175 kB
├ ○ /advertisers/campaigns/new           7.27 kB         122 kB
├ ○ /camera                              0 B                0 B
├ ○ /dashboard                           4.59 kB         106 kB
├ ○ /icon.svg                            0 B                0 B
├ ○ /publishers                          4.04 kB         169 kB
├ ○ /publishers/dashboard                3.61 kB         108 kB
├ ○ /publishers/dashboard/slots          2.34 kB         107 kB
├ ○ /publishers/dashboard/slots/create   6.51 kB         108 kB
└ ○ /publishers/verify                   3.81 kB         108 kB
+ First Load JS shared by all            89 kB
  ├ chunks/1528-6ed331ba31a8f06d.js      31.8 kB
  ├ chunks/1dd3208c-1af46833982cac9a.js  53.6 kB
  └ other shared chunks (total)          3.48 kB


○  (Static)   prerendered as static content
ƒ  (Dynamic)  server-rendered on demand

